CACM-1046 Q0 1 0.502393346796
CACM-0397 Q0 1 0.501516546205
CACM-1410 Q0 1 0.498050193813
CACM-1698 Q0 1 0.444121868574
CACM-2319 Q0 1 0.424439887193
CACM-1408 Q0 1 0.416760401246
CACM-2313 Q0 1 0.415415791186
CACM-1805 Q0 1 0.414299218429
CACM-1685 Q0 1 0.411710993527
CACM-3077 Q0 1 0.410927599869
CACM-3078 Q0 2 0.658324436584
CACM-2434 Q0 2 0.601842395571
CACM-2863 Q0 2 0.601794834552
CACM-0397 Q0 2 0.30470425916
CACM-1046 Q0 2 0.300897417276
CACM-0616 Q0 2 0.244367815244
CACM-0492 Q0 2 0.244367815244
CACM-0435 Q0 2 0.244367815244
CACM-1014 Q0 2 0.244367815244
CACM-1397 Q0 2 0.244367815244
CACM-1154 Q0 3 0.730133029753
CACM-2666 Q0 3 0.635770409118
CACM-1223 Q0 3 0.615873606598
CACM-2921 Q0 3 0.60946083926
CACM-0252 Q0 3 0.587695427591
CACM-1029 Q0 3 0.587695427591
CACM-3130 Q0 3 0.587695427591
CACM-1387 Q0 3 0.587695427591
CACM-3115 Q0 3 0.576750256958
CACM-0265 Q0 3 0.572918197103
CACM-2377 Q0 4 0.446313607549
CACM-2931 Q0 4 0.435146368632
CACM-2939 Q0 4 0.407024155596
CACM-2314 Q0 4 0.381428718081
CACM-2767 Q0 4 0.38130225648
CACM-1135 Q0 4 0.380568149841
CACM-3128 Q0 4 0.376884711528
CACM-2060 Q0 4 0.366111346537
CACM-2020 Q0 4 0.360648433207
CACM-2721 Q0 4 0.347302333678
CACM-3011 Q0 5 0.4062041992
CACM-3050 Q0 5 0.398606269021
CACM-1829 Q0 5 0.387951738847
CACM-2786 Q0 5 0.37541937846
CACM-1978 Q0 5 0.370430999528
CACM-2321 Q0 5 0.347551300791
CACM-1409 Q0 5 0.34111335366
CACM-1238 Q0 5 0.337796237637
CACM-2299 Q0 5 0.333659372687
CACM-2873 Q0 5 0.33339529208
CACM-2826 Q0 6 0.567577253017
CACM-0695 Q0 6 0.554432145874
CACM-0531 Q0 6 0.507593472788
CACM-1623 Q0 6 0.507593472788
CACM-0616 Q0 6 0.507593472788
CACM-1867 Q0 6 0.507593472788
CACM-0435 Q0 6 0.507593472788
CACM-0492 Q0 6 0.507593472788
CACM-1014 Q0 6 0.507593472788
CACM-1397 Q0 6 0.507593472788
CACM-3043 Q0 7 0.453290925213
CACM-1623 Q0 7 0.439659683635
CACM-2424 Q0 7 0.408195618289
CACM-3128 Q0 7 0.403724081574
CACM-2912 Q0 7 0.401059338881
CACM-2890 Q0 7 0.388483858319
CACM-1698 Q0 7 0.386704366526
CACM-3006 Q0 7 0.381814741966
CACM-0616 Q0 7 0.376454855493
CACM-2949 Q0 7 0.368436237648
CACM-2625 Q0 8 0.758119116124
CACM-2541 Q0 8 0.687807558817
CACM-1677 Q0 8 0.643845717919
CACM-2501 Q0 8 0.64070251446
CACM-2858 Q0 8 0.64070251446
CACM-3083 Q0 8 0.64070251446
CACM-2060 Q0 8 0.64070251446
CACM-0040 Q0 8 0.64070251446
CACM-0071 Q0 8 0.64070251446
CACM-2194 Q0 8 0.64070251446
CACM-1745 Q0 9 0.698589647971
CACM-2046 Q0 9 0.661770519103
CACM-3076 Q0 9 0.644059443494
CACM-2849 Q0 9 0.625933036072
CACM-2900 Q0 9 0.59687689342
CACM-3128 Q0 9 0.596833139434
CACM-3141 Q0 9 0.573420680477
CACM-2949 Q0 9 0.570075740802
CACM-2358 Q0 9 0.567430619043
CACM-1846 Q0 9 0.558333493006
CACM-2514 Q0 10 0.946608068439
CACM-2785 Q0 10 0.925318817012
CACM-3073 Q0 10 0.907804988626
CACM-1747 Q0 10 0.870877737492
CACM-2289 Q0 10 0.818706162718
CACM-2895 Q0 10 0.818706162718
CACM-3075 Q0 10 0.812159167679
CACM-2266 Q0 10 0.812159167679
CACM-3059 Q0 10 0.812159167679
CACM-2700 Q0 10 0.803390489862
CACM-2699 Q0 11 0.893066324833
CACM-2717 Q0 11 0.620412007618
CACM-2906 Q0 11 0.614615313258
CACM-0724 Q0 11 0.604563912576
CACM-2091 Q0 11 0.578602342459
CACM-2716 Q0 11 0.556587646486
CACM-2647 Q0 11 0.545897545103
CACM-2081 Q0 11 0.545897545103
CACM-2198 Q0 11 0.545897545103
CACM-2267 Q0 11 0.545897545103
CACM-3127 Q0 12 0.983405900592
CACM-2246 Q0 12 0.864611997404
CACM-3196 Q0 12 0.864611997404
CACM-1930 Q0 12 0.864611997404
CACM-2950 Q0 12 0.502440139663
CACM-2069 Q0 12 0.502440139663
CACM-2095 Q0 12 0.502440139663
CACM-2320 Q0 12 0.502440139663
CACM-2342 Q0 12 0.502440139663
CACM-2374 Q0 12 0.502440139663
CACM-1947 Q0 13 0.879092039508
CACM-2944 Q0 13 0.879092039508
CACM-2559 Q0 13 0.800052029158
CACM-1886 Q0 13 0.762108647275
CACM-2722 Q0 13 0.712204213476
CACM-2253 Q0 13 0.70776281874
CACM-2858 Q0 13 0.70776281874
CACM-2433 Q0 13 0.70776281874
CACM-3054 Q0 13 0.70776281874
CACM-3080 Q0 13 0.70776281874
CACM-3112 Q0 14 0.584637443449
CACM-2931 Q0 14 0.551492869372
CACM-2812 Q0 14 0.478971712482
CACM-3058 Q0 14 0.478971712482
CACM-3087 Q0 14 0.474268472174
CACM-3067 Q0 14 0.464437383531
CACM-2181 Q0 14 0.462027654314
CACM-2750 Q0 14 0.458593631182
CACM-2716 Q0 14 0.445626525187
CACM-3164 Q0 14 0.445626525187
CACM-3125 Q0 15 0.677448663329
CACM-2716 Q0 15 0.630491199368
CACM-1947 Q0 15 0.630491199368
CACM-2897 Q0 15 0.609925785121
CACM-3054 Q0 15 0.604545515091
CACM-2929 Q0 15 0.601014359432
CACM-2344 Q0 15 0.598298698753
CACM-2133 Q0 15 0.583450619903
CACM-2134 Q0 15 0.583450619903
CACM-0104 Q0 15 0.583450619903
CACM-2438 Q0 16 0.563612004906
CACM-2931 Q0 16 0.545476549735
CACM-0243 Q0 16 0.542577496189
CACM-1854 Q0 16 0.538140898559
CACM-1135 Q0 16 0.53049888313
CACM-3141 Q0 16 0.502786159541
CACM-2080 Q0 16 0.501403251749
CACM-3074 Q0 16 0.479258499831
CACM-2949 Q0 16 0.479143640498
CACM-1003 Q0 16 0.478815264689
CACM-1223 Q0 17 0.950403387786
CACM-1658 Q0 17 0.860190224531
CACM-1134 Q0 17 0.763427961684
CACM-1154 Q0 17 0.763427961684
CACM-2253 Q0 17 0.723495418105
CACM-1947 Q0 17 0.723495418105
CACM-2871 Q0 17 0.666823505723
CACM-2053 Q0 17 0.666823505723
CACM-1783 Q0 17 0.666823505723
CACM-3130 Q0 17 0.666823505723
CACM-2138 Q0 18 0.628620025892
CACM-0670 Q0 18 0.56813425872
CACM-0243 Q0 18 0.491571251682
CACM-2567 Q0 18 0.475637480752
CACM-1988 Q0 18 0.458793881145
CACM-1099 Q0 18 0.456007420724
CACM-1159 Q0 18 0.445741178012
CACM-3110 Q0 18 0.443157159823
CACM-2146 Q0 18 0.432037584204
CACM-1548 Q0 18 0.432037584204
CACM-2723 Q0 19 1.0
CACM-2838 Q0 19 1.0
CACM-1957 Q0 19 1.0
CACM-2114 Q0 19 1.0
CACM-3075 Q0 19 0.984659592376
CACM-2433 Q0 19 0.962042832923
CACM-2557 Q0 19 0.962042832923
CACM-2570 Q0 19 0.962042832923
CACM-2973 Q0 19 0.962042832923
CACM-0950 Q0 19 0.926720928827
CACM-2695 Q0 20 0.843251337739
CACM-2769 Q0 20 0.709591017672
CACM-2524 Q0 20 0.691384996366
CACM-2986 Q0 20 0.665331983618
CACM-2905 Q0 20 0.633059462739
CACM-1457 Q0 20 0.612020723572
CACM-1563 Q0 20 0.609118068216
CACM-2780 Q0 20 0.589492675116
CACM-2232 Q0 20 0.5784762442
CACM-2167 Q0 20 0.562224733006
CACM-2216 Q0 21 0.649216292038
CACM-1491 Q0 21 0.634623989059
CACM-2110 Q0 21 0.613477626957
CACM-2931 Q0 21 0.583042528105
CACM-3110 Q0 21 0.546165116916
CACM-2702 Q0 21 0.529147876747
CACM-2986 Q0 21 0.523685952635
CACM-3018 Q0 21 0.522489416216
CACM-2189 Q0 21 0.520596722692
CACM-2337 Q0 21 0.511440152332
CACM-2913 Q0 22 0.548659353032
CACM-2369 Q0 22 0.536513812715
CACM-2751 Q0 22 0.532924016853
CACM-2473 Q0 22 0.530942829453
CACM-2384 Q0 22 0.528346212161
CACM-1915 Q0 22 0.51835781102
CACM-2678 Q0 22 0.492445091691
CACM-2441 Q0 22 0.486003849886
CACM-2564 Q0 22 0.484457057406
CACM-2637 Q0 22 0.484457057406
CACM-3148 Q0 23 0.808802823528
CACM-2373 Q0 23 0.76959422596
CACM-3141 Q0 23 0.76959422596
CACM-2276 Q0 23 0.76959422596
CACM-2849 Q0 23 0.757478759266
CACM-3137 Q0 23 0.739588789049
CACM-2890 Q0 23 0.72756226644
CACM-2216 Q0 23 0.72756226644
CACM-2081 Q0 23 0.699824315969
CACM-2406 Q0 23 0.694774346069
CACM-1410 Q0 24 0.887640349624
CACM-1194 Q0 24 0.873458526184
CACM-2882 Q0 24 0.742182718233
CACM-1540 Q0 24 0.742182718233
CACM-1435 Q0 24 0.742182718233
CACM-1696 Q0 24 0.742182718233
CACM-2742 Q0 24 0.742182718233
CACM-2767 Q0 24 0.742182718233
CACM-1235 Q0 24 0.742182718233
CACM-0268 Q0 24 0.742182718233
CACM-2634 Q0 25 1.0
CACM-3070 Q0 25 0.967973413889
CACM-2268 Q0 25 0.94654928537
CACM-2990 Q0 25 0.936179331859
CACM-2318 Q0 25 0.922450537955
CACM-2892 Q0 25 0.921820833237
CACM-1938 Q0 25 0.913706483143
CACM-3119 Q0 25 0.911752212634
CACM-2017 Q0 25 0.911752212634
CACM-1032 Q0 25 0.910437230115
CACM-2938 Q0 26 0.720526930987
CACM-2817 Q0 26 0.720526930987
CACM-3105 Q0 26 0.692009543334
CACM-2716 Q0 26 0.684828706361
CACM-2866 Q0 26 0.684828706361
CACM-3073 Q0 26 0.684828706361
CACM-2632 Q0 26 0.63110821623
CACM-1677 Q0 26 0.60511835236
CACM-2939 Q0 26 0.601255194216
CACM-1463 Q0 26 0.601255194216
CACM-2069 Q0 27 0.824327518202
CACM-2374 Q0 27 0.824327518202
CACM-1752 Q0 27 0.791492475899
CACM-2406 Q0 27 0.788186232433
CACM-1751 Q0 27 0.778490565948
CACM-1892 Q0 27 0.745119698509
CACM-2622 Q0 27 0.731939325151
CACM-2297 Q0 27 0.709424996077
CACM-1901 Q0 27 0.693419987083
CACM-3028 Q0 27 0.68406792061
CACM-3032 Q0 28 0.715163400273
CACM-2892 Q0 28 0.671913754969
CACM-2849 Q0 28 0.620679636952
CACM-2949 Q0 28 0.566997024786
CACM-1846 Q0 28 0.4421385903
CACM-3158 Q0 28 0.418659830131
CACM-2274 Q0 28 0.41369102533
CACM-3040 Q0 28 0.402974758666
CACM-2046 Q0 28 0.400897295802
CACM-2371 Q0 28 0.394536006842
CACM-3021 Q0 29 0.526011001512
CACM-2200 Q0 29 0.498492440339
CACM-2232 Q0 29 0.493961520574
CACM-2524 Q0 29 0.485064650676
CACM-2927 Q0 29 0.469226537497
CACM-2695 Q0 29 0.46428132598
CACM-2167 Q0 29 0.456710674462
CACM-1874 Q0 29 0.45431127024
CACM-1257 Q0 29 0.454073070951
CACM-1497 Q0 29 0.454073070951
CACM-2876 Q0 30 0.675397792588
CACM-2341 Q0 30 0.663038122217
CACM-3142 Q0 30 0.590287883262
CACM-2871 Q0 30 0.568561736773
CACM-2864 Q0 30 0.560538634961
CACM-1470 Q0 30 0.560538634961
CACM-2541 Q0 30 0.550259406437
CACM-2572 Q0 30 0.53807501899
CACM-2931 Q0 30 0.527886874967
CACM-2987 Q0 30 0.509697866054
CACM-2142 Q0 31 0.459010775619
CACM-1686 Q0 31 0.444733961282
CACM-2283 Q0 31 0.43889589011
CACM-2370 Q0 31 0.42415666759
CACM-0674 Q0 31 0.421309794022
CACM-1891 Q0 31 0.416899252146
CACM-2421 Q0 31 0.414653598552
CACM-1741 Q0 31 0.412513401047
CACM-3047 Q0 31 0.409542886293
CACM-3015 Q0 31 0.404075850316
CACM-2177 Q0 32 0.586156884162
CACM-2289 Q0 32 0.58045993489
CACM-3139 Q0 32 0.576540999174
CACM-3018 Q0 32 0.574677348362
CACM-2619 Q0 32 0.571920123359
CACM-1504 Q0 32 0.560423776873
CACM-2484 Q0 32 0.559567436168
CACM-2877 Q0 32 0.559325998277
CACM-2189 Q0 32 0.559325998277
CACM-2630 Q0 32 0.559325998277
CACM-0441 Q0 33 0.391236787785
CACM-0397 Q0 33 0.373291771437
CACM-1046 Q0 33 0.373291771437
CACM-1764 Q0 33 0.352779964723
CACM-0758 Q0 33 0.352779964723
CACM-1271 Q0 33 0.349674187785
CACM-1692 Q0 33 0.348629062166
CACM-3016 Q0 33 0.343490286352
CACM-2695 Q0 33 0.337169958019
CACM-2284 Q0 33 0.335262692368
CACM-0435 Q0 34 0.494584391897
CACM-3114 Q0 34 0.464682958807
CACM-1949 Q0 34 0.464682958807
CACM-2722 Q0 34 0.435865691832
CACM-1046 Q0 34 0.418194651585
CACM-0531 Q0 34 0.415070713669
CACM-2749 Q0 34 0.415070713669
CACM-0492 Q0 34 0.415070713669
CACM-3166 Q0 34 0.415070713669
CACM-1623 Q0 34 0.415070713669
CACM-1474 Q0 35 0.752760296862
CACM-3175 Q0 35 0.740842627977
CACM-2681 Q0 35 0.729363576143
CACM-1935 Q0 35 0.729363576143
CACM-2516 Q0 35 0.729363576143
CACM-2836 Q0 35 0.725993517159
CACM-2932 Q0 35 0.715613497573
CACM-2560 Q0 35 0.711798259981
CACM-2580 Q0 35 0.711798259981
CACM-2437 Q0 35 0.703983133934
CACM-1265 Q0 36 0.84363285719
CACM-2112 Q0 36 0.816518440431
CACM-2921 Q0 36 0.779142087818
CACM-2698 Q0 36 0.77406280964
CACM-2110 Q0 36 0.759052064195
CACM-1836 Q0 36 0.741442773459
CACM-2836 Q0 36 0.741442773459
CACM-2754 Q0 36 0.720502544666
CACM-2179 Q0 36 0.715878402053
CACM-2702 Q0 36 0.715878402053
CACM-2956 Q0 37 0.483060086016
CACM-2265 Q0 37 0.476784382656
CACM-2632 Q0 37 0.473702672484
CACM-0867 Q0 37 0.472026322726
CACM-2558 Q0 37 0.466429845928
CACM-2341 Q0 37 0.462499507385
CACM-2941 Q0 37 0.439705039125
CACM-2957 Q0 37 0.435657120588
CACM-3106 Q0 37 0.433236579571
CACM-2527 Q0 37 0.433236579571
CACM-2867 Q0 38 0.488919497926
CACM-2582 Q0 38 0.475561107203
CACM-3148 Q0 38 0.455693805544
CACM-2356 Q0 38 0.455693805544
CACM-2082 Q0 38 0.447543683083
CACM-2941 Q0 38 0.401501938112
CACM-2931 Q0 38 0.399942167328
CACM-2247 Q0 38 0.381400126659
CACM-1698 Q0 38 0.374252462573
CACM-0670 Q0 38 0.373365873472
CACM-2785 Q0 39 0.515197313895
CACM-2940 Q0 39 0.512163926219
CACM-2082 Q0 39 0.509853132263
CACM-2931 Q0 39 0.464787034529
CACM-2898 Q0 39 0.464637462529
CACM-1210 Q0 39 0.46395293038
CACM-1262 Q0 39 0.46395293038
CACM-2651 Q0 39 0.445529982932
CACM-1589 Q0 39 0.438071599884
CACM-2527 Q0 39 0.436866791387
CACM-1485 Q0 40 0.489576786081
CACM-1470 Q0 40 0.48051411856
CACM-1678 Q0 40 0.459942520447
CACM-2931 Q0 40 0.459274564233
CACM-1098 Q0 40 0.456961871775
CACM-1988 Q0 40 0.451376428029
CACM-2254 Q0 40 0.451335983085
CACM-2684 Q0 40 0.448786829664
CACM-1162 Q0 40 0.439988252355
CACM-2003 Q0 40 0.437577653483
CACM-2578 Q0 41 0.502680387791
CACM-3082 Q0 41 0.502680387791
CACM-3148 Q0 41 0.495503870258
CACM-1745 Q0 41 0.492738601646
CACM-3137 Q0 41 0.469782420617
CACM-2849 Q0 41 0.464034544915
CACM-2949 Q0 41 0.456910816654
CACM-0052 Q0 41 0.450587480838
CACM-0088 Q0 41 0.450587480838
CACM-2816 Q0 41 0.450587480838
CACM-2641 Q0 42 0.746996345083
CACM-2451 Q0 42 0.690087276836
CACM-2980 Q0 42 0.681042869827
CACM-0462 Q0 42 0.672216665552
CACM-2991 Q0 42 0.671631112386
CACM-1726 Q0 42 0.637814197614
CACM-2402 Q0 42 0.631852557588
CACM-2215 Q0 42 0.623920485926
CACM-2883 Q0 42 0.622880050481
CACM-2711 Q0 42 0.613720307969
CACM-3052 Q0 43 0.761451752718
CACM-2455 Q0 43 0.761014218298
CACM-2754 Q0 43 0.761014218298
CACM-2569 Q0 43 0.757603319352
CACM-2847 Q0 43 0.746062214819
CACM-3107 Q0 43 0.746062214819
CACM-3125 Q0 43 0.729678725976
CACM-2883 Q0 43 0.692695624692
CACM-2829 Q0 43 0.685098079952
CACM-3046 Q0 43 0.685098079952
CACM-2829 Q0 44 0.915096199948
CACM-2523 Q0 44 0.846285369411
CACM-2751 Q0 44 0.240387193005
CACM-1002 Q0 44 0.230772852643
CACM-0533 Q0 44 0.225316118023
CACM-2325 Q0 44 0.224820767537
CACM-2754 Q0 44 0.216199494375
CACM-2125 Q0 44 0.216199494375
CACM-2019 Q0 44 0.216199494375
CACM-1653 Q0 44 0.214448303096
CACM-2957 Q0 45 0.417245738164
CACM-2860 Q0 45 0.416344755886
CACM-2765 Q0 45 0.406418278477
CACM-2969 Q0 45 0.396649406382
CACM-2816 Q0 45 0.394956145401
CACM-2979 Q0 45 0.387106895832
CACM-2716 Q0 45 0.366912369321
CACM-2926 Q0 45 0.364766902742
CACM-1976 Q0 45 0.359271171182
CACM-2718 Q0 45 0.353038751325
CACM-2990 Q0 46 0.496807927337
CACM-2478 Q0 46 0.492222854026
CACM-2451 Q0 46 0.475006487427
CACM-2711 Q0 46 0.461824488703
CACM-1032 Q0 46 0.45111899197
CACM-2991 Q0 46 0.439772241875
CACM-2568 Q0 46 0.439156058498
CACM-1665 Q0 46 0.432103974393
CACM-2454 Q0 46 0.431626612098
CACM-1926 Q0 46 0.426092519066
CACM-2979 Q0 47 0.523122110443
CACM-2970 Q0 47 0.478455319008
CACM-2711 Q0 47 0.46802887452
CACM-1359 Q0 47 0.465731710461
CACM-2990 Q0 47 0.460586444546
CACM-1699 Q0 47 0.459288184811
CACM-1032 Q0 47 0.453438948463
CACM-2046 Q0 47 0.45280543844
CACM-1415 Q0 47 0.444768149976
CACM-2314 Q0 47 0.444706596368
CACM-2142 Q0 48 0.48436692837
CACM-0047 Q0 48 0.475334600586
CACM-2325 Q0 48 0.468898690173
CACM-2522 Q0 48 0.459601552687
CACM-1886 Q0 48 0.450552186087
CACM-2953 Q0 48 0.443619407666
CACM-2389 Q0 48 0.437722789396
CACM-3032 Q0 48 0.436051167362
CACM-1392 Q0 48 0.435640026641
CACM-3018 Q0 48 0.433944366867
CACM-2390 Q0 49 0.848181496592
CACM-2795 Q0 49 0.705164911038
CACM-1541 Q0 49 0.690771676073
CACM-3177 Q0 49 0.689991422168
CACM-2319 Q0 49 0.689991422168
CACM-3142 Q0 49 0.676815263052
CACM-1751 Q0 49 0.674837862325
CACM-3181 Q0 49 0.674837862325
CACM-2163 Q0 49 0.672216712667
CACM-3012 Q0 49 0.666358523419
CACM-3156 Q0 50 0.827223161342
CACM-3075 Q0 50 0.827223161342
CACM-1811 Q0 50 0.819529948553
CACM-1680 Q0 50 0.800429702449
CACM-2570 Q0 50 0.78118187786
CACM-2967 Q0 50 0.773894850628
CACM-2714 Q0 50 0.761817513434
CACM-2723 Q0 50 0.753381359011
CACM-2497 Q0 50 0.753381359011
CACM-2114 Q0 50 0.729636017599
CACM-3075 Q0 51 0.845923283082
CACM-3156 Q0 51 0.820793883155
CACM-2570 Q0 51 0.804663341474
CACM-1811 Q0 51 0.768984948835
CACM-2723 Q0 51 0.761065374871
CACM-2714 Q0 51 0.714831962669
CACM-2497 Q0 51 0.706916113115
CACM-2128 Q0 51 0.692120989393
CACM-2740 Q0 51 0.683811781658
CACM-2175 Q0 51 0.683287086949
CACM-2721 Q0 52 0.903565619423
CACM-2542 Q0 52 0.383665581076
CACM-1517 Q0 52 0.383665581076
CACM-1541 Q0 52 0.383665581076
CACM-1030 Q0 52 0.383665581076
CACM-1199 Q0 52 0.383665581076
CACM-3107 Q0 52 0.383665581076
CACM-1572 Q0 52 0.383665581076
CACM-2569 Q0 52 0.383665581076
CACM-1591 Q0 52 0.383665581076
CACM-2229 Q0 53 0.511099221359
CACM-2391 Q0 53 0.503860825895
CACM-0514 Q0 53 0.503860825895
CACM-0569 Q0 53 0.503860825895
CACM-0679 Q0 53 0.503860825895
CACM-0139 Q0 53 0.503860825895
CACM-1186 Q0 53 0.503860825895
CACM-2210 Q0 53 0.370663616806
CACM-1609 Q0 53 0.352381962261
CACM-1933 Q0 53 0.343944511729
CACM-2931 Q0 54 0.672944300072
CACM-2842 Q0 54 0.611141475936
CACM-2326 Q0 54 0.610098030573
CACM-2732 Q0 54 0.605853905283
CACM-2470 Q0 54 0.548228631127
CACM-3133 Q0 54 0.541005001266
CACM-2940 Q0 54 0.539207080675
CACM-2264 Q0 54 0.528425038614
CACM-3081 Q0 54 0.528358927457
CACM-2703 Q0 54 0.525181498221
CACM-2650 Q0 55 0.824943398896
CACM-2921 Q0 55 0.810099803414
CACM-2051 Q0 55 0.793829681693
CACM-1355 Q0 55 0.784647891691
CACM-1896 Q0 55 0.784647891691
CACM-1898 Q0 55 0.784647891691
CACM-1906 Q0 55 0.784647891691
CACM-1993 Q0 55 0.784647891691
CACM-2838 Q0 55 0.784647891691
CACM-1739 Q0 55 0.784647891691
CACM-1665 Q0 56 0.59871931551
CACM-2650 Q0 56 0.576774971147
CACM-2931 Q0 56 0.553444584726
CACM-2112 Q0 56 0.553137536753
CACM-0397 Q0 56 0.538482287799
CACM-1046 Q0 56 0.538482287799
CACM-2921 Q0 56 0.526813653002
CACM-1678 Q0 56 0.522159067597
CACM-1453 Q0 56 0.513594611389
CACM-2327 Q0 56 0.502698374533
CACM-3140 Q0 57 0.55061618717
CACM-3077 Q0 57 0.472154541154
CACM-1705 Q0 57 0.375879027664
CACM-0196 Q0 57 0.368286950935
CACM-2700 Q0 57 0.348133193143
CACM-3008 Q0 57 0.347542952722
CACM-2705 Q0 57 0.305472191187
CACM-2850 Q0 57 0.297030949101
CACM-1764 Q0 57 0.294110903464
CACM-2922 Q0 57 0.284459863361
CACM-2634 Q0 58 0.52646904434
CACM-1709 Q0 58 0.457009518952
CACM-1344 Q0 58 0.456223039989
CACM-1946 Q0 58 0.45592898468
CACM-1637 Q0 58 0.442712276706
CACM-1691 Q0 58 0.441195383516
CACM-2849 Q0 58 0.438028977342
CACM-1420 Q0 58 0.432319971017
CACM-2216 Q0 58 0.430605162616
CACM-2525 Q0 58 0.42736187338
CACM-3041 Q0 59 0.512829995045
CACM-1456 Q0 59 0.489416573903
CACM-1926 Q0 59 0.474485196387
CACM-3053 Q0 59 0.467255214324
CACM-1112 Q0 59 0.439603094058
CACM-2753 Q0 59 0.437180997557
CACM-1939 Q0 59 0.428342492453
CACM-1235 Q0 59 0.425954519156
CACM-0144 Q0 59 0.413251825202
CACM-2437 Q0 59 0.409308406457
CACM-3087 Q0 60 0.392634404305
CACM-3026 Q0 60 0.386620578953
CACM-2718 Q0 60 0.381124529765
CACM-2396 Q0 60 0.37670143339
CACM-2957 Q0 60 0.376599674977
CACM-3049 Q0 60 0.373387056416
CACM-1409 Q0 60 0.367510927418
CACM-2967 Q0 60 0.360840588652
CACM-2882 Q0 60 0.359671870558
CACM-2972 Q0 60 0.358262690441
CACM-0634 Q0 61 0.471096858336
CACM-2307 Q0 61 0.455086839438
CACM-2711 Q0 61 0.391637448271
CACM-1236 Q0 61 0.373195989349
CACM-2777 Q0 61 0.35179705592
CACM-1287 Q0 61 0.337937991086
CACM-2916 Q0 61 0.330268489894
CACM-2991 Q0 61 0.328274087374
CACM-2631 Q0 61 0.325762710703
CACM-2451 Q0 61 0.316241144195
CACM-1961 Q0 62 0.649339282832
CACM-0320 Q0 62 0.632217417723
CACM-2430 Q0 62 0.57058177462
CACM-1856 Q0 62 0.551906016322
CACM-2189 Q0 62 0.551780089213
CACM-1368 Q0 62 0.529955354295
CACM-2720 Q0 62 0.523226622057
CACM-2227 Q0 62 0.518641391866
CACM-1806 Q0 62 0.518641391866
CACM-1725 Q0 62 0.51812747219
CACM-2289 Q0 63 0.757970646559
CACM-3075 Q0 63 0.730182898255
CACM-1957 Q0 63 0.70163608915
CACM-2723 Q0 63 0.70163608915
CACM-2838 Q0 63 0.70163608915
CACM-2266 Q0 63 0.692084055794
CACM-2896 Q0 63 0.680156746197
CACM-2433 Q0 63 0.675003970886
CACM-2557 Q0 63 0.675003970886
CACM-2570 Q0 63 0.675003970886
